<?xml version="1.0" encoding="UTF-8"?>
<testsuite name="com.ceiba.estacionamiento.estacionamiento.test.EstacionamientoTest" tests="8" skipped="0" failures="0" errors="0" timestamp="2018-08-22T12:56:39" hostname="SANTIAGO-TORRES" time="0.003">
  <properties/>
  <testcase name="testCalcularAuto_diaTresHoras" classname="com.ceiba.estacionamiento.estacionamiento.test.EstacionamientoTest" time="0.001"/>
  <testcase name="testCalcularMoto_dosDiasOchoHorasCuatroCientosCC" classname="com.ceiba.estacionamiento.estacionamiento.test.EstacionamientoTest" time="0.0"/>
  <testcase name="testCalcularMoto_diezHorasSeisCiencuentaCC" classname="com.ceiba.estacionamiento.estacionamiento.test.EstacionamientoTest" time="0.0"/>
  <testcase name="testCalcularAuto_dosDiasOchoHoras" classname="com.ceiba.estacionamiento.estacionamiento.test.EstacionamientoTest" time="0.0"/>
  <testcase name="testCalcularMoto_diaTresHoras" classname="com.ceiba.estacionamiento.estacionamiento.test.EstacionamientoTest" time="0.001"/>
  <testcase name="testCalcularMoto_diezHorasMenoCilindraje" classname="com.ceiba.estacionamiento.estacionamiento.test.EstacionamientoTest" time="0.0"/>
  <testcase name="testCalcularAuto_dosDiasNueveHoras" classname="com.ceiba.estacionamiento.estacionamiento.test.EstacionamientoTest" time="0.0"/>
  <testcase name="testCalcularMoto_dosDiasNueveHorasSeisCientosCC" classname="com.ceiba.estacionamiento.estacionamiento.test.EstacionamientoTest" time="0.0"/>
  <system-out><![CDATA[]]></system-out>
  <system-err><![CDATA[]]></system-err>
</testsuite>
